<?xml version="1.0" encoding="UTF-8"?>
<!-- Generated by org.testng.reporters.JUnitReportReporter -->
<testsuite hostname="MT-C02FQ37DMD6M" failures="0" tests="1" name="com.sastaticket.tests.TestTicketWorkflow" time="28.114" errors="0" timestamp="5 Feb 2023 18:50:03 GMT">
  <testcase classname="com.sastaticket.tests.TestTicketWorkflow" name="verifyTestTicketWorkflow" time="28.114"/>
</testsuite> <!-- com.sastaticket.tests.TestTicketWorkflow -->
